Info : Unable to match requested speed 1000 kHz, using 950 kHz
Info : Unable to match requested speed 1000 kHz, using 950 kHz
Info : clock speed 950 kHz
Info : STLINK v2 JTAG v28 API v2 SWIM v17 VID 0x0483 PID 0x374B
Info : using stlink api v2
Info : Target voltage: 4.003181
Info : stm32f1x.cpu: hardware has 6 breakpoints, 4 watchpoints
Info : accepting 'gdb' connection from pipe
Info : device id = 0x20036410
Info : flash size = 128kbytes
undefined debug reason 7 - target needs reset
target halted due to debug-request, current mode: Handler External Interrupt(11)
xPSR: 0x2100001b pc: 0x08000ab2 msp: 0x20004f90
Warn : stepi ignored. GDB will now fetch the register state from the target.
Info : halted: PC: 0x08000ab4
Info : halted: PC: 0x08000ab6
Info : halted: PC: 0x08000ab8
Info : halted: PC: 0x08000aba
Info : halted: PC: 0x08000abc
Debugger detaching: resuming execution.
Debugger detaching: resuming execution.
Warn : target not halted


Info : dropped 'gdb' connection
